[debug] [2018-08-24T18:19:56.434Z] ----------------------------------------------------------------------
[debug] [2018-08-24T18:19:56.436Z] Command:       /usr/local/bin/node /usr/local/bin/firebase deploy --only hosting
[debug] [2018-08-24T18:19:56.436Z] CLI Version:   3.18.2
[debug] [2018-08-24T18:19:56.436Z] Platform:      darwin
[debug] [2018-08-24T18:19:56.436Z] Node Version:  v9.2.1
[debug] [2018-08-24T18:19:56.437Z] Time:          Fri Aug 24 2018 19:19:56 GMT+0100 (BST)
[debug] [2018-08-24T18:19:56.437Z] ----------------------------------------------------------------------
[debug] 
[debug] [2018-08-24T18:19:56.449Z] > command requires scopes: ["email","openid","https://www.googleapis.com/auth/cloudplatformprojects.readonly","https://www.googleapis.com/auth/firebase","https://www.googleapis.com/auth/cloud-platform"]
[debug] [2018-08-24T18:19:56.449Z] > authorizing via signed-in user
[debug] [2018-08-24T18:19:56.451Z] > refreshing access token with scopes: ["email","https://www.googleapis.com/auth/cloud-platform","https://www.googleapis.com/auth/cloudplatformprojects.readonly","https://www.googleapis.com/auth/firebase","openid"]
[debug] [2018-08-24T18:19:56.451Z] >>> HTTP REQUEST POST https://www.googleapis.com/oauth2/v3/token  
 { refresh_token: '1/iWRa7ZhbXckbKevk8S3TXTVsik7EWU-Og3BQXOwVOQY',
  client_id: '563584335869-fgrhgmd47bqnekij5i8b5pr03ho849e6.apps.googleusercontent.com',
  client_secret: 'j9iVZfS8kkCEFUPaAeJV0sAi',
  grant_type: 'refresh_token',
  scope: 'email https://www.googleapis.com/auth/cloud-platform https://www.googleapis.com/auth/cloudplatformprojects.readonly https://www.googleapis.com/auth/firebase openid' } 
 Fri Aug 24 2018 19:19:56 GMT+0100 (BST)
[debug] [2018-08-24T18:19:56.885Z] <<< HTTP RESPONSE 200
[debug] [2018-08-24T18:19:56.931Z] >>> HTTP REQUEST GET https://admin.firebase.com/v1/projects/leanjscom-web  
  
 Fri Aug 24 2018 19:19:56 GMT+0100 (BST)
[debug] [2018-08-24T18:19:58.141Z] <<< HTTP RESPONSE 200
[debug] [2018-08-24T18:19:58.141Z] >>> HTTP REQUEST GET https://admin.firebase.com/v1/database/leanjscom-web/tokens  
  
 Fri Aug 24 2018 19:19:58 GMT+0100 (BST)
[debug] [2018-08-24T18:19:59.078Z] <<< HTTP RESPONSE 200
[warn] ⚠  functions: package.json indicates an outdated version of firebase-functions.
 Please upgrade using npm install --save firebase-functions@latest in your functions directory.
[info] 
[info] === Deploying to 'leanjscom-web'...
[info] 
[info] i  deploying hosting
[info] i  hosting: preparing public directory for upload...
[debug] [2018-08-24T18:20:10.898Z] >>> HTTP REQUEST PUT https://deploy.firebase.com/v1/hosting/leanjscom-web/uploads/-LKh9XKM_cCtxw-mumgZ?fileCount=240&message=  
  
 Fri Aug 24 2018 19:20:10 GMT+0100 (BST)
